<?xml version="1.0" encoding="UTF-8"?>
<!-- Generated by org.testng.reporters.JUnitReportReporter -->
<testsuite hostname="MAVBCP2226" failures="0" tests="4" name="com.tests.calculator.CalculatorTestCases" time="9.471" errors="0" timestamp="2022-01-12T17:20:44 IST" skipped="0">
  <testcase classname="com.tests.calculator.CalculatorTestCases" name="SumTest" time="2.623"/>
  <system-out/>
  <testcase classname="com.tests.calculator.CalculatorTestCases" name="SubTest" time="2.276"/>
  <system-out/>
  <testcase classname="com.tests.calculator.CalculatorTestCases" name="MulTest" time="2.262"/>
  <system-out/>
  <testcase classname="com.tests.calculator.CalculatorTestCases" name="DivTest" time="2.310"/>
  <system-out/>
</testsuite> <!-- com.tests.calculator.CalculatorTestCases -->
