<?xml version="1.0" encoding="UTF-8"?>
<!-- Generated by org.testng.reporters.JUnitReportReporter -->
<testsuite hostname="MAVBCP2226" failures="0" tests="4" name="com.tests.calculator.CalculatorTestCases" time="9.314" errors="0" timestamp="2022-01-12T17:38:54 IST" skipped="0">
  <testcase classname="com.tests.calculator.CalculatorTestCases" name="SumTest" time="2.563"/>
  <system-out/>
  <testcase classname="com.tests.calculator.CalculatorTestCases" name="SubTest" time="2.333"/>
  <system-out/>
  <testcase classname="com.tests.calculator.CalculatorTestCases" name="MulTest" time="2.223"/>
  <system-out/>
  <testcase classname="com.tests.calculator.CalculatorTestCases" name="DivTest" time="2.195"/>
  <system-out/>
</testsuite> <!-- com.tests.calculator.CalculatorTestCases -->
